#
# There is insufficient memory for the Java Runtime Environment to continue.
# Native memory allocation (mmap) failed to map 268435456 bytes for G1 virtual space
# Possible reasons:
#   The system is out of physical RAM or swap space
#   The process is running with CompressedOops enabled, and the Java Heap may be blocking the growth of the native heap
# Possible solutions:
#   Reduce memory load on the system
#   Increase physical memory or swap space
#   Check if swap backing store is full
#   Decrease Java heap size (-Xmx/-Xms)
#   Decrease number of Java threads
#   Decrease Java thread stack sizes (-Xss)
#   Set larger code cache with -XX:ReservedCodeCacheSize=
#   JVM is running with Zero Based Compressed Oops mode in which the Java heap is
#     placed in the first 32GB address space. The Java Heap base address is the
#     maximum limit for the native heap growth. Please use -XX:HeapBaseMinAddress
#     to set the Java Heap base and to place the Java Heap above 32GB virtual address.
# This output file may be truncated or incomplete.
#
#  Out of Memory Error (os_windows.cpp:3747), pid=19096, tid=8508
#
# JRE version:  (17.0.3+7) (build )
# Java VM: OpenJDK 64-Bit Server VM (17.0.3+7-b469.32, mixed mode, sharing, tiered, compressed oops, compressed class ptrs, g1 gc, windows-amd64)
# No core dump will be written. Minidumps are not enabled by default on client versions of Windows
#

---------------  S U M M A R Y ------------

Command Line: git4idea.http.GitAskPassApp Username for 'https://github.com': 

Host: Intel(R) Xeon(R) CPU E3-1240 V2 @ 3.40GHz, 8 cores, 15G,  Windows 10 , 64 bit Build 19041 (10.0.19041.3393)
Time: Mon Sep 18 21:32:10 2023 Turkey Standard Time elapsed time: 0.029772 seconds (0d 0h 0m 0s)

---------------  T H R E A D  ---------------

Current thread (0x000001fd849e0d50):  JavaThread "Unknown thread" [_thread_in_vm, id=8508, stack(0x0000001c06e00000,0x0000001c06f00000)]

Stack: [0x0000001c06e00000,0x0000001c06f00000]
Native frames: (J=compiled Java code, j=interpreted, Vv=VM code, C=native code)
V  [jvm.dll+0x681f8a]
V  [jvm.dll+0x83e374]
V  [jvm.dll+0x83fb1e]
V  [jvm.dll+0x840183]
V  [jvm.dll+0x2492a5]
V  [jvm.dll+0x67ee59]
V  [jvm.dll+0x67355a]
V  [jvm.dll+0x308fab]
V  [jvm.dll+0x310466]
V  [jvm.dll+0x3601de]
V  [jvm.dll+0x36040f]
V  [jvm.dll+0x2df098]
V  [jvm.dll+0x2e0004]
V  [jvm.dll+0x80fc61]
V  [jvm.dll+0x36df61]
V  [jvm.dll+0x7ef17c]
V  [jvm.dll+0x3f10ef]
V  [jvm.dll+0x3f2c31]
C  [jli.dll+0x526b]
C  [ucrtbase.dll+0x21bb2]
C  [KERNEL32.DLL+0x17344]
C  [ntdll.dll+0x526b1]


---------------  P R O C E S S  ---------------

Threads class SMR info:
_java_thread_list=0x00007ff964936f18, length=0, elements={
}

Java Threads: ( => current thread )

Other Threads:
  0x000001fd84a4e0f0 GCTaskThread "GC Thread#0" [stack: 0x0000001c06f00000,0x0000001c07000000] [id=21100]
  0x000001fd84a60f50 ConcurrentGCThread "G1 Main Marker" [stack: 0x0000001c07000000,0x0000001c07100000] [id=7368]
  0x000001fd84a62100 ConcurrentGCThread "G1 Conc#0" [stack: 0x0000001c07100000,0x0000001c07200000] [id=10584]

[error occurred during error reporting (printing all threads), id 0xc0000005, EXCEPTION_ACCESS_VIOLATION (0xc0000005) at pc=0x00007ff9640efc57]

VM state: not at safepoint (not fully initialized)

VM Mutex/Monitor currently owned by a thread:  ([mutex/lock_event])
[0x000001fd849dba70] Heap_lock - owner thread: 0x000001fd849e0d50

Heap address: 0x0000000701000000, size: 4080 MB, Compressed Oops mode: Zero based, Oop shift amount: 3

CDS archive(s) mapped at: [0x0000000000000000-0x0000000000000000-0x0000000000000000), size 0, SharedBaseAddress: 0x0000000800000000, ArchiveRelocationMode: 0.
Narrow klass base: 0x0000000000000000, Narrow klass shift: 0, Narrow klass range: 0x0

GC Precious Log:
<Empty>

Heap:
 garbage-first heap   total 0K, used 0K [0x0000000701000000, 0x0000000800000000)
  region size 2048K, 0 young (0K), 0 survivors (0K)

[error occurred during error reporting (printing heap information), id 0xc0000005, EXCEPTION_ACCESS_VIOLATION (0xc0000005) at pc=0x00007ff9644dbbd9]

GC Heap History (0 events):
No events

Deoptimization events (0 events):
No events

Classes unloaded (0 events):
No events

Classes redefined (0 events):
No events

Internal exceptions (0 events):
No events

VM Operations (0 events):
No events

Events (1 events):
Event: 0.006 Loaded shared library E:\JetBrains Rider 2022.2\jbr\bin\java.dll


Dynamic libraries:
0x00007ff798670000 - 0x00007ff79867a000 	E:\JetBrains Rider 2022.2\jbr\bin\java.exe
0x00007ff9d0970000 - 0x00007ff9d0b68000 	C:\Windows\SYSTEM32\ntdll.dll
0x00007ff9cee20000 - 0x00007ff9ceedd000 	C:\Windows\System32\KERNEL32.DLL
0x00007ff9ce2c0000 - 0x00007ff9ce5b6000 	C:\Windows\System32\KERNELBASE.dll
0x00007ff9ce8d0000 - 0x00007ff9ce9d0000 	C:\Windows\System32\ucrtbase.dll
0x00007ff9711d0000 - 0x00007ff9711e7000 	E:\JetBrains Rider 2022.2\jbr\bin\jli.dll
0x00007ff9a9d50000 - 0x00007ff9a9d6b000 	E:\JetBrains Rider 2022.2\jbr\bin\VCRUNTIME140.dll
0x00007ff9d02f0000 - 0x00007ff9d048e000 	C:\Windows\System32\USER32.dll
0x00007ff9c06a0000 - 0x00007ff9c093a000 	C:\Windows\WinSxS\amd64_microsoft.windows.common-controls_6595b64144ccf1df_6.0.19041.1110_none_60b5254171f9507e\COMCTL32.dll
0x00007ff9ce8a0000 - 0x00007ff9ce8c2000 	C:\Windows\System32\win32u.dll
0x00007ff9cff00000 - 0x00007ff9cff9e000 	C:\Windows\System32\msvcrt.dll
0x00007ff9cef80000 - 0x00007ff9cefac000 	C:\Windows\System32\GDI32.dll
0x00007ff9ce660000 - 0x00007ff9ce77a000 	C:\Windows\System32\gdi32full.dll
0x00007ff9ce5c0000 - 0x00007ff9ce65d000 	C:\Windows\System32\msvcp_win.dll
0x00007ff9d0490000 - 0x00007ff9d04c0000 	C:\Windows\System32\IMM32.DLL
0x00007ff9b41e0000 - 0x00007ff9b41ec000 	E:\JetBrains Rider 2022.2\jbr\bin\vcruntime140_1.dll
0x00007ff9a93c0000 - 0x00007ff9a944d000 	E:\JetBrains Rider 2022.2\jbr\bin\msvcp140.dll
0x00007ff963e00000 - 0x00007ff964a68000 	E:\JetBrains Rider 2022.2\jbr\bin\server\jvm.dll
0x00007ff9cfbd0000 - 0x00007ff9cfc7e000 	C:\Windows\System32\ADVAPI32.dll
0x00007ff9ceee0000 - 0x00007ff9cef7c000 	C:\Windows\System32\sechost.dll
0x00007ff9cfd70000 - 0x00007ff9cfe96000 	C:\Windows\System32\RPCRT4.dll
0x00007ff9cea30000 - 0x00007ff9cea38000 	C:\Windows\System32\PSAPI.DLL
0x00007ff9b0580000 - 0x00007ff9b0589000 	C:\Windows\SYSTEM32\WSOCK32.dll
0x00007ff9c3560000 - 0x00007ff9c3587000 	C:\Windows\SYSTEM32\WINMM.dll
0x00007ff9cf920000 - 0x00007ff9cf98b000 	C:\Windows\System32\WS2_32.dll
0x00007ff9c8610000 - 0x00007ff9c861a000 	C:\Windows\SYSTEM32\VERSION.dll
0x00007ff9cbf00000 - 0x00007ff9cbf12000 	C:\Windows\SYSTEM32\kernel.appcore.dll
0x00007ff971200000 - 0x00007ff97120a000 	E:\JetBrains Rider 2022.2\jbr\bin\jimage.dll
0x00007ff9c2c20000 - 0x00007ff9c2e04000 	C:\Windows\SYSTEM32\DBGHELP.DLL
0x00007ff9c0530000 - 0x00007ff9c0564000 	C:\Windows\SYSTEM32\dbgcore.DLL
0x00007ff9ce1e0000 - 0x00007ff9ce262000 	C:\Windows\System32\bcryptPrimitives.dll
0x00007ff970680000 - 0x00007ff9706a5000 	E:\JetBrains Rider 2022.2\jbr\bin\java.dll

dbghelp: loaded successfully - version: 4.0.5 - missing functions: none
symbol engine: initialized successfully - sym options: 0x614 - pdb path: .;E:\JetBrains Rider 2022.2\jbr\bin;C:\Windows\SYSTEM32;C:\Windows\WinSxS\amd64_microsoft.windows.common-controls_6595b64144ccf1df_6.0.19041.1110_none_60b5254171f9507e;E:\JetBrains Rider 2022.2\jbr\bin\server

VM Arguments:
java_command: git4idea.http.GitAskPassApp Username for 'https://github.com': 
java_class_path (initial): E:/JetBrains Rider 2022.2/plugins/git4idea/lib/git4idea-rt.jar;E:/JetBrains Rider 2022.2/lib/externalProcess-rt.jar;E:/JetBrains Rider 2022.2/lib/app.jar;E:/JetBrains Rider 2022.2/lib/3rd-party-rt.jar
Launcher Type: SUN_STANDARD

[Global flags]
     intx CICompilerCount                          = 4                                         {product} {ergonomic}
     uint ConcGCThreads                            = 2                                         {product} {ergonomic}
     uint G1ConcRefinementThreads                  = 8                                         {product} {ergonomic}
   size_t G1HeapRegionSize                         = 2097152                                   {product} {ergonomic}
    uintx GCDrainStackTargetSize                   = 64                                        {product} {ergonomic}
   size_t InitialHeapSize                          = 268435456                                 {product} {ergonomic}
   size_t MarkStackSize                            = 4194304                                   {product} {ergonomic}
   size_t MaxHeapSize                              = 4278190080                                {product} {ergonomic}
   size_t MinHeapDeltaBytes                        = 2097152                                   {product} {ergonomic}
   size_t MinHeapSize                              = 8388608                                   {product} {ergonomic}
    uintx NonNMethodCodeHeapSize                   = 5839372                                {pd product} {ergonomic}
    uintx NonProfiledCodeHeapSize                  = 122909434                              {pd product} {ergonomic}
    uintx ProfiledCodeHeapSize                     = 122909434                              {pd product} {ergonomic}
    uintx ReservedCodeCacheSize                    = 251658240                              {pd product} {ergonomic}
     bool SegmentedCodeCache                       = true                                      {product} {ergonomic}
   size_t SoftMaxHeapSize                          = 4278190080                             {manageable} {ergonomic}
     bool UseCompressedClassPointers               = true                           {product lp64_product} {ergonomic}
     bool UseCompressedOops                        = true                           {product lp64_product} {ergonomic}
     bool UseG1GC                                  = true                                      {product} {ergonomic}
     bool UseLargePagesIndividualAllocation        = false                                  {pd product} {ergonomic}

Logging:
Log output configuration:
 #0: stdout all=warning uptime,level,tags
 #1: stderr all=off uptime,level,tags

Environment Variables:
PATH=C:\Program Files\Git\mingw64\libexec\git-core;C:\Program Files\Git\mingw64\libexec\git-core;C:\Program Files\Git\mingw64\bin;C:\Program Files\Git\usr\bin;C:\Users\R1nge\bin;C:\Windows\system32;C:\Windows;C:\Windows\System32\Wbem;C:\Windows\System32\WindowsPowerShell\v1.0;C:\Windows\System32\OpenSSH;C:\Program Files\Git\cmd;C:\Users\R1nge\AppData\Local\Microsoft\WindowsApps;E:\JetBrains Rider 2022.2\bin
USERNAME=R1nge
DISPLAY=:0.0
LC_ALL=en_US.UTF-8
OS=Windows_NT
PROCESSOR_IDENTIFIER=Intel64 Family 6 Model 58 Stepping 9, GenuineIntel



---------------  S Y S T E M  ---------------

OS:
 Windows 10 , 64 bit Build 19041 (10.0.19041.3393)
OS uptime: 0 days 11:24 hours

CPU: total 8 (initial active 8) (4 cores per cpu, 2 threads per core) family 6 model 58 stepping 9 microcode 0x21, cx8, cmov, fxsr, ht, mmx, sse, sse2, sse3, ssse3, sse4.1, sse4.2, popcnt, tsc, tscinvbit, avx, aes, erms, clmul, vzeroupper, clflush

Memory: 4k page, system-wide physical 16318M (3295M free)
TotalPageFile size 24837M (AvailPageFile size 134M)
current process WorkingSet (physical memory assigned to process): 10M, peak: 10M
current process commit charge ("private bytes"): 60M, peak: 316M

vm_info: OpenJDK 64-Bit Server VM (17.0.3+7-b469.32) for windows-amd64 JRE (17.0.3+7-b469.32), built on 2022-07-19 by "builduser" with MS VC++ 16.10 / 16.11 (VS2019)

END.
